Performing C++ SOURCE FILE Test CMAKE_HAVE_LIBC_PTHREAD failed with the following output:
Change Dir: /home/overcastan/Desktop/Testing/TechProgTemplates/task5/build/CMakeFiles/CMakeTmp

Run Build Command(s):/usr/bin/make cmTC_57f83/fast && /usr/bin/make  -f CMakeFiles/cmTC_57f83.dir/build.make CMakeFiles/cmTC_57f83.dir/build
make[1]: Entering directory '/home/overcastan/Desktop/Testing/TechProgTemplates/task5/build/CMakeFiles/CMakeTmp'
Building CXX object CMakeFiles/cmTC_57f83.dir/src.cxx.o
/usr/bin/c++ -DCMAKE_HAVE_LIBC_PTHREAD  -fPIE -o CMakeFiles/cmTC_57f83.dir/src.cxx.o -c /home/overcastan/Desktop/Testing/TechProgTemplates/task5/build/CMakeFiles/CMakeTmp/src.cxx
Linking CXX executable cmTC_57f83
/usr/local/bin/cmake -E cmake_link_script CMakeFiles/cmTC_57f83.dir/link.txt --verbose=1
/usr/bin/c++ CMakeFiles/cmTC_57f83.dir/src.cxx.o -o cmTC_57f83 
CMakeFiles/cmTC_57f83.dir/src.cxx.o: In function `main':
src.cxx:(.text+0x3e): undefined reference to `pthread_create'
src.cxx:(.text+0x4a): undefined reference to `pthread_detach'
src.cxx:(.text+0x56): undefined reference to `pthread_cancel'
src.cxx:(.text+0x67): undefined reference to `pthread_join'
src.cxx:(.text+0x7b): undefined reference to `pthread_atfork'
collect2: error: ld returned 1 exit status
CMakeFiles/cmTC_57f83.dir/build.make:105: recipe for target 'cmTC_57f83' failed
make[1]: *** [cmTC_57f83] Error 1
make[1]: Leaving directory '/home/overcastan/Desktop/Testing/TechProgTemplates/task5/build/CMakeFiles/CMakeTmp'
Makefile:140: recipe for target 'cmTC_57f83/fast' failed
make: *** [cmTC_57f83/fast] Error 2


Source file was:
#include <pthread.h>

static void* test_func(void* data)
{
  return data;
}

int main(void)
{
  pthread_t thread;
  pthread_create(&thread, NULL, test_func, NULL);
  pthread_detach(thread);
  pthread_cancel(thread);
  pthread_join(thread, NULL);
  pthread_atfork(NULL, NULL, NULL);
  pthread_exit(NULL);

  return 0;
}

Determining if the function pthread_create exists in the pthreads failed with the following output:
Change Dir: /home/overcastan/Desktop/Testing/TechProgTemplates/task5/build/CMakeFiles/CMakeTmp

Run Build Command(s):/usr/bin/make cmTC_2b5a0/fast && /usr/bin/make  -f CMakeFiles/cmTC_2b5a0.dir/build.make CMakeFiles/cmTC_2b5a0.dir/build
make[1]: Entering directory '/home/overcastan/Desktop/Testing/TechProgTemplates/task5/build/CMakeFiles/CMakeTmp'
Building CXX object CMakeFiles/cmTC_2b5a0.dir/CheckFunctionExists.cxx.o
/usr/bin/c++   -DCHECK_FUNCTION_EXISTS=pthread_create -fPIE -o CMakeFiles/cmTC_2b5a0.dir/CheckFunctionExists.cxx.o -c /home/overcastan/Desktop/Testing/TechProgTemplates/task5/build/CMakeFiles/CheckLibraryExists/CheckFunctionExists.cxx
Linking CXX executable cmTC_2b5a0
/usr/local/bin/cmake -E cmake_link_script CMakeFiles/cmTC_2b5a0.dir/link.txt --verbose=1
/usr/bin/c++  -DCHECK_FUNCTION_EXISTS=pthread_create CMakeFiles/cmTC_2b5a0.dir/CheckFunctionExists.cxx.o -o cmTC_2b5a0  -lpthreads 
/usr/bin/ld: cannot find -lpthreads
collect2: error: ld returned 1 exit status
CMakeFiles/cmTC_2b5a0.dir/build.make:105: recipe for target 'cmTC_2b5a0' failed
make[1]: *** [cmTC_2b5a0] Error 1
make[1]: Leaving directory '/home/overcastan/Desktop/Testing/TechProgTemplates/task5/build/CMakeFiles/CMakeTmp'
Makefile:140: recipe for target 'cmTC_2b5a0/fast' failed
make: *** [cmTC_2b5a0/fast] Error 2



The C compiler identification could not be found in "/home/overcastan/Desktop/Testing/TechProgTemplates/task5/build/CMakeFiles/3.19.1/CompilerIdC/CMakeCCompilerId.gcno"

